[2015-12-10 11:53:28] local.ERROR: exception 'PDOException' with message 'SQLSTATE[HY000] [1049] Unknown database 'laravel-test-1'' in C:\xampp\htdocs\laravel\RAI_Task_5\vendor\laravel\framework\src\Illuminate\Database\Connectors\Connector.php:47
Stack trace:
#0 C:\xampp\htdocs\laravel\RAI_Task_5\vendor\laravel\framework\src\Illuminate\Database\Connectors\Connector.php(47): PDO->__construct('mysql:host=loca...', 'root', '', Array)
#1 C:\xampp\htdocs\laravel\RAI_Task_5\vendor\laravel\framework\src\Illuminate\Database\Connectors\MySqlConnector.php(20): Illuminate\Database\Connectors\Connector->createConnection('mysql:host=loca...', Array, Array)
#2 C:\xampp\htdocs\laravel\RAI_Task_5\vendor\compiled.php(10673): Illuminate\Database\Connectors\MySqlConnector->connect(Array)
#3 C:\xampp\htdocs\laravel\RAI_Task_5\vendor\compiled.php(10669): Illuminate\Database\Connectors\ConnectionFactory->createSingleConnection(Array)
#4 C:\xampp\htdocs\laravel\RAI_Task_5\vendor\compiled.php(10587): Illuminate\Database\Connectors\ConnectionFactory->make(Array, 'mysql')
#5 C:\xampp\htdocs\laravel\RAI_Task_5\vendor\compiled.php(10542): Illuminate\Database\DatabaseManager->makeConnection('mysql')
#6 C:\xampp\htdocs\laravel\RAI_Task_5\vendor\compiled.php(10434): Illuminate\Database\DatabaseManager->connection(NULL)
#7 C:\xampp\htdocs\laravel\RAI_Task_5\vendor\compiled.php(10421): Illuminate\Database\Eloquent\Model::resolveConnection(NULL)
#8 C:\xampp\htdocs\laravel\RAI_Task_5\vendor\compiled.php(9921): Illuminate\Database\Eloquent\Model->getConnection()
#9 C:\xampp\htdocs\laravel\RAI_Task_5\vendor\compiled.php(9898): Illuminate\Database\Eloquent\Model->newBaseQueryBuilder()
#10 C:\xampp\htdocs\laravel\RAI_Task_5\vendor\compiled.php(9888): Illuminate\Database\Eloquent\Model->newQueryWithoutScopes()
#11 C:\xampp\htdocs\laravel\RAI_Task_5\vendor\compiled.php(9446): Illuminate\Database\Eloquent\Model->newQuery()
#12 C:\xampp\htdocs\laravel\RAI_Task_5\app\Http\Controllers\ViewDataController.php(40): Illuminate\Database\Eloquent\Model::all()
#13 [internal function]: App\Http\Controllers\ViewDataController->viewData()
#14 C:\xampp\htdocs\laravel\RAI_Task_5\vendor\compiled.php(8287): call_user_func_array(Array, Array)
#15 C:\xampp\htdocs\laravel\RAI_Task_5\vendor\compiled.php(8354): Illuminate\Routing\Controller->callAction('viewdata', Array)
#16 C:\xampp\htdocs\laravel\RAI_Task_5\vendor\compiled.php(8333): Illuminate\Routing\ControllerDispatcher->call(Object(App\Http\Controllers\ViewDataController), Object(Illuminate\Routing\Route), 'viewdata')
#17 [internal function]: Illuminate\Routing\ControllerDispatcher->Illuminate\Routing\{closure}(Object(Illuminate\Http\Request))
#18 C:\xampp\htdocs\laravel\RAI_Task_5\vendor\compiled.php(8952): call_user_func(Object(Closure), Object(Illuminate\Http\Request))
#19 C:\xampp\htdocs\laravel\RAI_Task_5\app\Http\Middleware\RedirectIfAuthenticated.php(41): Illuminate\Pipeline\Pipeline->Illuminate\Pipeline\{closure}(Object(Illuminate\Http\Request))
#20 C:\xampp\htdocs\laravel\RAI_Task_5\vendor\compiled.php(8944): App\Http\Middleware\RedirectIfAuthenticated->handle(Object(Illuminate\Http\Request), Object(Closure))
#21 [internal function]: Illuminate\Pipeline\Pipeline->Illuminate\Pipeline\{closure}(Object(Illuminate\Http\Request))
#22 C:\xampp\htdocs\laravel\RAI_Task_5\vendor\compiled.php(8935): call_user_func(Object(Closure), Object(Illuminate\Http\Request))
#23 C:\xampp\htdocs\laravel\RAI_Task_5\vendor\compiled.php(8334): Illuminate\Pipeline\Pipeline->then(Object(Closure))
#24 C:\xampp\htdocs\laravel\RAI_Task_5\vendor\compiled.php(8320): Illuminate\Routing\ControllerDispatcher->callWithinStack(Object(App\Http\Controllers\ViewDataController), Object(Illuminate\Routing\Route), Object(Illuminate\Http\Request), 'viewdata')
#25 C:\xampp\htdocs\laravel\RAI_Task_5\vendor\compiled.php(7317): Illuminate\Routing\ControllerDispatcher->dispatch(Object(Illuminate\Routing\Route), Object(Illuminate\Http\Request), 'App\\Http\\Contro...', 'viewdata')
#26 C:\xampp\htdocs\laravel\RAI_Task_5\vendor\compiled.php(7288): Illuminate\Routing\Route->runWithCustomDispatcher(Object(Illuminate\Http\Request))
#27 C:\xampp\htdocs\laravel\RAI_Task_5\vendor\compiled.php(6954): Illuminate\Routing\Route->run(Object(Illuminate\Http\Request))
#28 [internal function]: Illuminate\Routing\Router->Illuminate\Routing\{closure}(Object(Illuminate\Http\Request))
#29 C:\xampp\htdocs\laravel\RAI_Task_5\vendor\compiled.php(8952): call_user_func(Object(Closure), Object(Illuminate\Http\Request))
#30 [internal function]: Illuminate\Pipeline\Pipeline->Illuminate\Pipeline\{closure}(Object(Illuminate\Http\Request))
#31 C:\xampp\htdocs\laravel\RAI_Task_5\vendor\compiled.php(8935): call_user_func(Object(Closure), Object(Illuminate\Http\Request))
#32 C:\xampp\htdocs\laravel\RAI_Task_5\vendor\compiled.php(6955): Illuminate\Pipeline\Pipeline->then(Object(Closure))
#33 C:\xampp\htdocs\laravel\RAI_Task_5\vendor\compiled.php(6944): Illuminate\Routing\Router->runRouteWithinStack(Object(Illuminate\Routing\Route), Object(Illuminate\Http\Request))
#34 C:\xampp\htdocs\laravel\RAI_Task_5\vendor\compiled.php(6929): Illuminate\Routing\Router->dispatchToRoute(Object(Illuminate\Http\Request))
#35 C:\xampp\htdocs\laravel\RAI_Task_5\vendor\compiled.php(1935): Illuminate\Routing\Router->dispatch(Object(Illuminate\Http\Request))
#36 [internal function]: Illuminate\Foundation\Http\Kernel->Illuminate\Foundation\Http\{closure}(Object(Illuminate\Http\Request))
#37 C:\xampp\htdocs\laravel\RAI_Task_5\vendor\compiled.php(8952): call_user_func(Object(Closure), Object(Illuminate\Http\Request))
#38 C:\xampp\htdocs\laravel\RAI_Task_5\vendor\compiled.php(2438): Illuminate\Pipeline\Pipeline->Illuminate\Pipeline\{closure}(Object(Illuminate\Http\Request))
#39 C:\xampp\htdocs\laravel\RAI_Task_5\app\Http\Middleware\VerifyCsrfToken.php(17): Illuminate\Foundation\Http\Middleware\VerifyCsrfToken->handle(Object(Illuminate\Http\Request), Object(Closure))
#40 C:\xampp\htdocs\laravel\RAI_Task_5\vendor\compiled.php(8944): App\Http\Middleware\VerifyCsrfToken->handle(Object(Illuminate\Http\Request), Object(Closure))
#41 C:\xampp\htdocs\laravel\RAI_Task_5\vendor\compiled.php(12083): Illuminate\Pipeline\Pipeline->Illuminate\Pipeline\{closure}(Object(Illuminate\Http\Request))
#42 C:\xampp\htdocs\laravel\RAI_Task_5\vendor\compiled.php(8944): Illuminate\View\Middleware\ShareErrorsFromSession->handle(Object(Illuminate\Http\Request), Object(Closure))
#43 C:\xampp\htdocs\laravel\RAI_Task_5\vendor\compiled.php(10785): Illuminate\Pipeline\Pipeline->Illuminate\Pipeline\{closure}(Object(Illuminate\Http\Request))
#44 C:\xampp\htdocs\laravel\RAI_Task_5\vendor\compiled.php(8944): Illuminate\Session\Middleware\StartSession->handle(Object(Illuminate\Http\Request), Object(Closure))
#45 C:\xampp\htdocs\laravel\RAI_Task_5\vendor\compiled.php(11789): Illuminate\Pipeline\Pipeline->Illuminate\Pipeline\{closure}(Object(Illuminate\Http\Request))
#46 C:\xampp\htdocs\laravel\RAI_Task_5\vendor\compiled.php(8944): Illuminate\Cookie\Middleware\AddQueuedCookiesToResponse->handle(Object(Illuminate\Http\Request), Object(Closure))
#47 C:\xampp\htdocs\laravel\RAI_Task_5\vendor\compiled.php(11738): Illuminate\Pipeline\Pipeline->Illuminate\Pipeline\{closure}(Object(Illuminate\Http\Request))
#48 C:\xampp\htdocs\laravel\RAI_Task_5\vendor\compiled.php(8944): Illuminate\Cookie\Middleware\EncryptCookies->handle(Object(Illuminate\Http\Request), Object(Closure))
#49 C:\xampp\htdocs\laravel\RAI_Task_5\vendor\compiled.php(2478): Illuminate\Pipeline\Pipeline->Illuminate\Pipeline\{closure}(Object(Illuminate\Http\Request))
#50 C:\xampp\htdocs\laravel\RAI_Task_5\vendor\compiled.php(8944): Illuminate\Foundation\Http\Middleware\CheckForMaintenanceMode->handle(Object(Illuminate\Http\Request), Object(Closure))
#51 [internal function]: Illuminate\Pipeline\Pipeline->Illuminate\Pipeline\{closure}(Object(Illuminate\Http\Request))
#52 C:\xampp\htdocs\laravel\RAI_Task_5\vendor\compiled.php(8935): call_user_func(Object(Closure), Object(Illuminate\Http\Request))
#53 C:\xampp\htdocs\laravel\RAI_Task_5\vendor\compiled.php(1891): Illuminate\Pipeline\Pipeline->then(Object(Closure))
#54 C:\xampp\htdocs\laravel\RAI_Task_5\vendor\compiled.php(1880): Illuminate\Foundation\Http\Kernel->sendRequestThroughRouter(Object(Illuminate\Http\Request))
#55 C:\xampp\htdocs\laravel\RAI_Task_5\public\index.php(53): Illuminate\Foundation\Http\Kernel->handle(Object(Illuminate\Http\Request))
#56 {main}  
[2015-12-10 11:53:36] local.ERROR: exception 'Symfony\Component\Debug\Exception\FatalErrorException' with message 'Class 'Form' not found' in C:\xampp\htdocs\laravel\RAI_Task_5\storage\framework\views\d23b4fd37cbdaed2c029dc93c424d6d8:98
Stack trace:
#0 {main}  
[2015-12-10 11:54:45] local.ERROR: exception 'PDOException' with message 'SQLSTATE[HY000] [1049] Unknown database 'laravel-test-1'' in C:\xampp\htdocs\laravel\RAI_Task_5\vendor\laravel\framework\src\Illuminate\Database\Connectors\Connector.php:47
Stack trace:
#0 C:\xampp\htdocs\laravel\RAI_Task_5\vendor\laravel\framework\src\Illuminate\Database\Connectors\Connector.php(47): PDO->__construct('mysql:host=loca...', 'root', '', Array)
#1 C:\xampp\htdocs\laravel\RAI_Task_5\vendor\laravel\framework\src\Illuminate\Database\Connectors\MySqlConnector.php(20): Illuminate\Database\Connectors\Connector->createConnection('mysql:host=loca...', Array, Array)
#2 C:\xampp\htdocs\laravel\RAI_Task_5\vendor\compiled.php(10673): Illuminate\Database\Connectors\MySqlConnector->connect(Array)
#3 C:\xampp\htdocs\laravel\RAI_Task_5\vendor\compiled.php(10669): Illuminate\Database\Connectors\ConnectionFactory->createSingleConnection(Array)
#4 C:\xampp\htdocs\laravel\RAI_Task_5\vendor\compiled.php(10587): Illuminate\Database\Connectors\ConnectionFactory->make(Array, 'mysql')
#5 C:\xampp\htdocs\laravel\RAI_Task_5\vendor\compiled.php(10542): Illuminate\Database\DatabaseManager->makeConnection('mysql')
#6 C:\xampp\htdocs\laravel\RAI_Task_5\vendor\compiled.php(10434): Illuminate\Database\DatabaseManager->connection(NULL)
#7 C:\xampp\htdocs\laravel\RAI_Task_5\vendor\compiled.php(10421): Illuminate\Database\Eloquent\Model::resolveConnection(NULL)
#8 C:\xampp\htdocs\laravel\RAI_Task_5\vendor\compiled.php(9921): Illuminate\Database\Eloquent\Model->getConnection()
#9 C:\xampp\htdocs\laravel\RAI_Task_5\vendor\compiled.php(9898): Illuminate\Database\Eloquent\Model->newBaseQueryBuilder()
#10 C:\xampp\htdocs\laravel\RAI_Task_5\vendor\compiled.php(9888): Illuminate\Database\Eloquent\Model->newQueryWithoutScopes()
#11 C:\xampp\htdocs\laravel\RAI_Task_5\vendor\compiled.php(9446): Illuminate\Database\Eloquent\Model->newQuery()
#12 C:\xampp\htdocs\laravel\RAI_Task_5\app\Http\Controllers\ViewDataController.php(40): Illuminate\Database\Eloquent\Model::all()
#13 [internal function]: App\Http\Controllers\ViewDataController->viewData()
#14 C:\xampp\htdocs\laravel\RAI_Task_5\vendor\compiled.php(8287): call_user_func_array(Array, Array)
#15 C:\xampp\htdocs\laravel\RAI_Task_5\vendor\compiled.php(8354): Illuminate\Routing\Controller->callAction('viewdata', Array)
#16 C:\xampp\htdocs\laravel\RAI_Task_5\vendor\compiled.php(8333): Illuminate\Routing\ControllerDispatcher->call(Object(App\Http\Controllers\ViewDataController), Object(Illuminate\Routing\Route), 'viewdata')
#17 [internal function]: Illuminate\Routing\ControllerDispatcher->Illuminate\Routing\{closure}(Object(Illuminate\Http\Request))
#18 C:\xampp\htdocs\laravel\RAI_Task_5\vendor\compiled.php(8952): call_user_func(Object(Closure), Object(Illuminate\Http\Request))
#19 C:\xampp\htdocs\laravel\RAI_Task_5\app\Http\Middleware\RedirectIfAuthenticated.php(41): Illuminate\Pipeline\Pipeline->Illuminate\Pipeline\{closure}(Object(Illuminate\Http\Request))
#20 C:\xampp\htdocs\laravel\RAI_Task_5\vendor\compiled.php(8944): App\Http\Middleware\RedirectIfAuthenticated->handle(Object(Illuminate\Http\Request), Object(Closure))
#21 [internal function]: Illuminate\Pipeline\Pipeline->Illuminate\Pipeline\{closure}(Object(Illuminate\Http\Request))
#22 C:\xampp\htdocs\laravel\RAI_Task_5\vendor\compiled.php(8935): call_user_func(Object(Closure), Object(Illuminate\Http\Request))
#23 C:\xampp\htdocs\laravel\RAI_Task_5\vendor\compiled.php(8334): Illuminate\Pipeline\Pipeline->then(Object(Closure))
#24 C:\xampp\htdocs\laravel\RAI_Task_5\vendor\compiled.php(8320): Illuminate\Routing\ControllerDispatcher->callWithinStack(Object(App\Http\Controllers\ViewDataController), Object(Illuminate\Routing\Route), Object(Illuminate\Http\Request), 'viewdata')
#25 C:\xampp\htdocs\laravel\RAI_Task_5\vendor\compiled.php(7317): Illuminate\Routing\ControllerDispatcher->dispatch(Object(Illuminate\Routing\Route), Object(Illuminate\Http\Request), 'App\\Http\\Contro...', 'viewdata')
#26 C:\xampp\htdocs\laravel\RAI_Task_5\vendor\compiled.php(7288): Illuminate\Routing\Route->runWithCustomDispatcher(Object(Illuminate\Http\Request))
#27 C:\xampp\htdocs\laravel\RAI_Task_5\vendor\compiled.php(6954): Illuminate\Routing\Route->run(Object(Illuminate\Http\Request))
#28 [internal function]: Illuminate\Routing\Router->Illuminate\Routing\{closure}(Object(Illuminate\Http\Request))
#29 C:\xampp\htdocs\laravel\RAI_Task_5\vendor\compiled.php(8952): call_user_func(Object(Closure), Object(Illuminate\Http\Request))
#30 [internal function]: Illuminate\Pipeline\Pipeline->Illuminate\Pipeline\{closure}(Object(Illuminate\Http\Request))
#31 C:\xampp\htdocs\laravel\RAI_Task_5\vendor\compiled.php(8935): call_user_func(Object(Closure), Object(Illuminate\Http\Request))
#32 C:\xampp\htdocs\laravel\RAI_Task_5\vendor\compiled.php(6955): Illuminate\Pipeline\Pipeline->then(Object(Closure))
#33 C:\xampp\htdocs\laravel\RAI_Task_5\vendor\compiled.php(6944): Illuminate\Routing\Router->runRouteWithinStack(Object(Illuminate\Routing\Route), Object(Illuminate\Http\Request))
#34 C:\xampp\htdocs\laravel\RAI_Task_5\vendor\compiled.php(6929): Illuminate\Routing\Router->dispatchToRoute(Object(Illuminate\Http\Request))
#35 C:\xampp\htdocs\laravel\RAI_Task_5\vendor\compiled.php(1935): Illuminate\Routing\Router->dispatch(Object(Illuminate\Http\Request))
#36 [internal function]: Illuminate\Foundation\Http\Kernel->Illuminate\Foundation\Http\{closure}(Object(Illuminate\Http\Request))
#37 C:\xampp\htdocs\laravel\RAI_Task_5\vendor\compiled.php(8952): call_user_func(Object(Closure), Object(Illuminate\Http\Request))
#38 C:\xampp\htdocs\laravel\RAI_Task_5\vendor\compiled.php(2438): Illuminate\Pipeline\Pipeline->Illuminate\Pipeline\{closure}(Object(Illuminate\Http\Request))
#39 C:\xampp\htdocs\laravel\RAI_Task_5\app\Http\Middleware\VerifyCsrfToken.php(17): Illuminate\Foundation\Http\Middleware\VerifyCsrfToken->handle(Object(Illuminate\Http\Request), Object(Closure))
#40 C:\xampp\htdocs\laravel\RAI_Task_5\vendor\compiled.php(8944): App\Http\Middleware\VerifyCsrfToken->handle(Object(Illuminate\Http\Request), Object(Closure))
#41 C:\xampp\htdocs\laravel\RAI_Task_5\vendor\compiled.php(12083): Illuminate\Pipeline\Pipeline->Illuminate\Pipeline\{closure}(Object(Illuminate\Http\Request))
#42 C:\xampp\htdocs\laravel\RAI_Task_5\vendor\compiled.php(8944): Illuminate\View\Middleware\ShareErrorsFromSession->handle(Object(Illuminate\Http\Request), Object(Closure))
#43 C:\xampp\htdocs\laravel\RAI_Task_5\vendor\compiled.php(10785): Illuminate\Pipeline\Pipeline->Illuminate\Pipeline\{closure}(Object(Illuminate\Http\Request))
#44 C:\xampp\htdocs\laravel\RAI_Task_5\vendor\compiled.php(8944): Illuminate\Session\Middleware\StartSession->handle(Object(Illuminate\Http\Request), Object(Closure))
#45 C:\xampp\htdocs\laravel\RAI_Task_5\vendor\compiled.php(11789): Illuminate\Pipeline\Pipeline->Illuminate\Pipeline\{closure}(Object(Illuminate\Http\Request))
#46 C:\xampp\htdocs\laravel\RAI_Task_5\vendor\compiled.php(8944): Illuminate\Cookie\Middleware\AddQueuedCookiesToResponse->handle(Object(Illuminate\Http\Request), Object(Closure))
#47 C:\xampp\htdocs\laravel\RAI_Task_5\vendor\compiled.php(11738): Illuminate\Pipeline\Pipeline->Illuminate\Pipeline\{closure}(Object(Illuminate\Http\Request))
#48 C:\xampp\htdocs\laravel\RAI_Task_5\vendor\compiled.php(8944): Illuminate\Cookie\Middleware\EncryptCookies->handle(Object(Illuminate\Http\Request), Object(Closure))
#49 C:\xampp\htdocs\laravel\RAI_Task_5\vendor\compiled.php(2478): Illuminate\Pipeline\Pipeline->Illuminate\Pipeline\{closure}(Object(Illuminate\Http\Request))
#50 C:\xampp\htdocs\laravel\RAI_Task_5\vendor\compiled.php(8944): Illuminate\Foundation\Http\Middleware\CheckForMaintenanceMode->handle(Object(Illuminate\Http\Request), Object(Closure))
#51 [internal function]: Illuminate\Pipeline\Pipeline->Illuminate\Pipeline\{closure}(Object(Illuminate\Http\Request))
#52 C:\xampp\htdocs\laravel\RAI_Task_5\vendor\compiled.php(8935): call_user_func(Object(Closure), Object(Illuminate\Http\Request))
#53 C:\xampp\htdocs\laravel\RAI_Task_5\vendor\compiled.php(1891): Illuminate\Pipeline\Pipeline->then(Object(Closure))
#54 C:\xampp\htdocs\laravel\RAI_Task_5\vendor\compiled.php(1880): Illuminate\Foundation\Http\Kernel->sendRequestThroughRouter(Object(Illuminate\Http\Request))
#55 C:\xampp\htdocs\laravel\RAI_Task_5\public\index.php(53): Illuminate\Foundation\Http\Kernel->handle(Object(Illuminate\Http\Request))
#56 {main}  
[2015-12-10 12:42:19] local.ERROR: exception 'PDOException' with message 'SQLSTATE[HY000] [1049] Unknown database 'laravel-test-1'' in C:\xampp\htdocs\laravel\RAI_Task_5\vendor\laravel\framework\src\Illuminate\Database\Connectors\Connector.php:47
Stack trace:
#0 C:\xampp\htdocs\laravel\RAI_Task_5\vendor\laravel\framework\src\Illuminate\Database\Connectors\Connector.php(47): PDO->__construct('mysql:host=loca...', 'root', '', Array)
#1 C:\xampp\htdocs\laravel\RAI_Task_5\vendor\laravel\framework\src\Illuminate\Database\Connectors\MySqlConnector.php(20): Illuminate\Database\Connectors\Connector->createConnection('mysql:host=loca...', Array, Array)
#2 C:\xampp\htdocs\laravel\RAI_Task_5\vendor\compiled.php(10673): Illuminate\Database\Connectors\MySqlConnector->connect(Array)
#3 C:\xampp\htdocs\laravel\RAI_Task_5\vendor\compiled.php(10669): Illuminate\Database\Connectors\ConnectionFactory->createSingleConnection(Array)
#4 C:\xampp\htdocs\laravel\RAI_Task_5\vendor\compiled.php(10587): Illuminate\Database\Connectors\ConnectionFactory->make(Array, 'mysql')
#5 C:\xampp\htdocs\laravel\RAI_Task_5\vendor\compiled.php(10542): Illuminate\Database\DatabaseManager->makeConnection('mysql')
#6 C:\xampp\htdocs\laravel\RAI_Task_5\vendor\compiled.php(10434): Illuminate\Database\DatabaseManager->connection(NULL)
#7 C:\xampp\htdocs\laravel\RAI_Task_5\vendor\compiled.php(10421): Illuminate\Database\Eloquent\Model::resolveConnection(NULL)
#8 C:\xampp\htdocs\laravel\RAI_Task_5\vendor\compiled.php(9921): Illuminate\Database\Eloquent\Model->getConnection()
#9 C:\xampp\htdocs\laravel\RAI_Task_5\vendor\compiled.php(9898): Illuminate\Database\Eloquent\Model->newBaseQueryBuilder()
#10 C:\xampp\htdocs\laravel\RAI_Task_5\vendor\compiled.php(9888): Illuminate\Database\Eloquent\Model->newQueryWithoutScopes()
#11 C:\xampp\htdocs\laravel\RAI_Task_5\vendor\compiled.php(9446): Illuminate\Database\Eloquent\Model->newQuery()
#12 C:\xampp\htdocs\laravel\RAI_Task_5\app\Http\Controllers\ViewDataController.php(40): Illuminate\Database\Eloquent\Model::all()
#13 [internal function]: App\Http\Controllers\ViewDataController->viewData()
#14 C:\xampp\htdocs\laravel\RAI_Task_5\vendor\compiled.php(8287): call_user_func_array(Array, Array)
#15 C:\xampp\htdocs\laravel\RAI_Task_5\vendor\compiled.php(8354): Illuminate\Routing\Controller->callAction('viewdata', Array)
#16 C:\xampp\htdocs\laravel\RAI_Task_5\vendor\compiled.php(8333): Illuminate\Routing\ControllerDispatcher->call(Object(App\Http\Controllers\ViewDataController), Object(Illuminate\Routing\Route), 'viewdata')
#17 [internal function]: Illuminate\Routing\ControllerDispatcher->Illuminate\Routing\{closure}(Object(Illuminate\Http\Request))
#18 C:\xampp\htdocs\laravel\RAI_Task_5\vendor\compiled.php(8952): call_user_func(Object(Closure), Object(Illuminate\Http\Request))
#19 C:\xampp\htdocs\laravel\RAI_Task_5\app\Http\Middleware\RedirectIfAuthenticated.php(41): Illuminate\Pipeline\Pipeline->Illuminate\Pipeline\{closure}(Object(Illuminate\Http\Request))
#20 C:\xampp\htdocs\laravel\RAI_Task_5\vendor\compiled.php(8944): App\Http\Middleware\RedirectIfAuthenticated->handle(Object(Illuminate\Http\Request), Object(Closure))
#21 [internal function]: Illuminate\Pipeline\Pipeline->Illuminate\Pipeline\{closure}(Object(Illuminate\Http\Request))
#22 C:\xampp\htdocs\laravel\RAI_Task_5\vendor\compiled.php(8935): call_user_func(Object(Closure), Object(Illuminate\Http\Request))
#23 C:\xampp\htdocs\laravel\RAI_Task_5\vendor\compiled.php(8334): Illuminate\Pipeline\Pipeline->then(Object(Closure))
#24 C:\xampp\htdocs\laravel\RAI_Task_5\vendor\compiled.php(8320): Illuminate\Routing\ControllerDispatcher->callWithinStack(Object(App\Http\Controllers\ViewDataController), Object(Illuminate\Routing\Route), Object(Illuminate\Http\Request), 'viewdata')
#25 C:\xampp\htdocs\laravel\RAI_Task_5\vendor\compiled.php(7317): Illuminate\Routing\ControllerDispatcher->dispatch(Object(Illuminate\Routing\Route), Object(Illuminate\Http\Request), 'App\\Http\\Contro...', 'viewdata')
#26 C:\xampp\htdocs\laravel\RAI_Task_5\vendor\compiled.php(7288): Illuminate\Routing\Route->runWithCustomDispatcher(Object(Illuminate\Http\Request))
#27 C:\xampp\htdocs\laravel\RAI_Task_5\vendor\compiled.php(6954): Illuminate\Routing\Route->run(Object(Illuminate\Http\Request))
#28 [internal function]: Illuminate\Routing\Router->Illuminate\Routing\{closure}(Object(Illuminate\Http\Request))
#29 C:\xampp\htdocs\laravel\RAI_Task_5\vendor\compiled.php(8952): call_user_func(Object(Closure), Object(Illuminate\Http\Request))
#30 [internal function]: Illuminate\Pipeline\Pipeline->Illuminate\Pipeline\{closure}(Object(Illuminate\Http\Request))
#31 C:\xampp\htdocs\laravel\RAI_Task_5\vendor\compiled.php(8935): call_user_func(Object(Closure), Object(Illuminate\Http\Request))
#32 C:\xampp\htdocs\laravel\RAI_Task_5\vendor\compiled.php(6955): Illuminate\Pipeline\Pipeline->then(Object(Closure))
#33 C:\xampp\htdocs\laravel\RAI_Task_5\vendor\compiled.php(6944): Illuminate\Routing\Router->runRouteWithinStack(Object(Illuminate\Routing\Route), Object(Illuminate\Http\Request))
#34 C:\xampp\htdocs\laravel\RAI_Task_5\vendor\compiled.php(6929): Illuminate\Routing\Router->dispatchToRoute(Object(Illuminate\Http\Request))
#35 C:\xampp\htdocs\laravel\RAI_Task_5\vendor\compiled.php(1935): Illuminate\Routing\Router->dispatch(Object(Illuminate\Http\Request))
#36 [internal function]: Illuminate\Foundation\Http\Kernel->Illuminate\Foundation\Http\{closure}(Object(Illuminate\Http\Request))
#37 C:\xampp\htdocs\laravel\RAI_Task_5\vendor\compiled.php(8952): call_user_func(Object(Closure), Object(Illuminate\Http\Request))
#38 C:\xampp\htdocs\laravel\RAI_Task_5\vendor\compiled.php(2438): Illuminate\Pipeline\Pipeline->Illuminate\Pipeline\{closure}(Object(Illuminate\Http\Request))
#39 C:\xampp\htdocs\laravel\RAI_Task_5\app\Http\Middleware\VerifyCsrfToken.php(17): Illuminate\Foundation\Http\Middleware\VerifyCsrfToken->handle(Object(Illuminate\Http\Request), Object(Closure))
#40 C:\xampp\htdocs\laravel\RAI_Task_5\vendor\compiled.php(8944): App\Http\Middleware\VerifyCsrfToken->handle(Object(Illuminate\Http\Request), Object(Closure))
#41 C:\xampp\htdocs\laravel\RAI_Task_5\vendor\compiled.php(12083): Illuminate\Pipeline\Pipeline->Illuminate\Pipeline\{closure}(Object(Illuminate\Http\Request))
#42 C:\xampp\htdocs\laravel\RAI_Task_5\vendor\compiled.php(8944): Illuminate\View\Middleware\ShareErrorsFromSession->handle(Object(Illuminate\Http\Request), Object(Closure))
#43 C:\xampp\htdocs\laravel\RAI_Task_5\vendor\compiled.php(10785): Illuminate\Pipeline\Pipeline->Illuminate\Pipeline\{closure}(Object(Illuminate\Http\Request))
#44 C:\xampp\htdocs\laravel\RAI_Task_5\vendor\compiled.php(8944): Illuminate\Session\Middleware\StartSession->handle(Object(Illuminate\Http\Request), Object(Closure))
#45 C:\xampp\htdocs\laravel\RAI_Task_5\vendor\compiled.php(11789): Illuminate\Pipeline\Pipeline->Illuminate\Pipeline\{closure}(Object(Illuminate\Http\Request))
#46 C:\xampp\htdocs\laravel\RAI_Task_5\vendor\compiled.php(8944): Illuminate\Cookie\Middleware\AddQueuedCookiesToResponse->handle(Object(Illuminate\Http\Request), Object(Closure))
#47 C:\xampp\htdocs\laravel\RAI_Task_5\vendor\compiled.php(11738): Illuminate\Pipeline\Pipeline->Illuminate\Pipeline\{closure}(Object(Illuminate\Http\Request))
#48 C:\xampp\htdocs\laravel\RAI_Task_5\vendor\compiled.php(8944): Illuminate\Cookie\Middleware\EncryptCookies->handle(Object(Illuminate\Http\Request), Object(Closure))
#49 C:\xampp\htdocs\laravel\RAI_Task_5\vendor\compiled.php(2478): Illuminate\Pipeline\Pipeline->Illuminate\Pipeline\{closure}(Object(Illuminate\Http\Request))
#50 C:\xampp\htdocs\laravel\RAI_Task_5\vendor\compiled.php(8944): Illuminate\Foundation\Http\Middleware\CheckForMaintenanceMode->handle(Object(Illuminate\Http\Request), Object(Closure))
#51 [internal function]: Illuminate\Pipeline\Pipeline->Illuminate\Pipeline\{closure}(Object(Illuminate\Http\Request))
#52 C:\xampp\htdocs\laravel\RAI_Task_5\vendor\compiled.php(8935): call_user_func(Object(Closure), Object(Illuminate\Http\Request))
#53 C:\xampp\htdocs\laravel\RAI_Task_5\vendor\compiled.php(1891): Illuminate\Pipeline\Pipeline->then(Object(Closure))
#54 C:\xampp\htdocs\laravel\RAI_Task_5\vendor\compiled.php(1880): Illuminate\Foundation\Http\Kernel->sendRequestThroughRouter(Object(Illuminate\Http\Request))
#55 C:\xampp\htdocs\laravel\RAI_Task_5\public\index.php(53): Illuminate\Foundation\Http\Kernel->handle(Object(Illuminate\Http\Request))
#56 {main}  
