[2015-11-11 14:37:13] production.ERROR: exception 'PDOException' with message 'SQLSTATE[HY000] [2002] No such file or directory' in /Applications/XAMPP/xamppfiles/htdocs/laravel/vendor/laravel/framework/src/Illuminate/Database/Connectors/Connector.php:47
Stack trace:
#0 /Applications/XAMPP/xamppfiles/htdocs/laravel/vendor/laravel/framework/src/Illuminate/Database/Connectors/Connector.php(47): PDO->__construct('mysql:host=loca...', 'root', '', Array)
#1 /Applications/XAMPP/xamppfiles/htdocs/laravel/vendor/laravel/framework/src/Illuminate/Database/Connectors/MySqlConnector.php(20): Illuminate\Database\Connectors\Connector->createConnection('mysql:host=loca...', Array, Array)
#2 /Applications/XAMPP/xamppfiles/htdocs/laravel/bootstrap/compiled.php(7713): Illuminate\Database\Connectors\MySqlConnector->connect(Array)
#3 /Applications/XAMPP/xamppfiles/htdocs/laravel/bootstrap/compiled.php(7709): Illuminate\Database\Connectors\ConnectionFactory->createSingleConnection(Array)
#4 /Applications/XAMPP/xamppfiles/htdocs/laravel/bootstrap/compiled.php(7621): Illuminate\Database\Connectors\ConnectionFactory->make(Array, 'mysql')
#5 /Applications/XAMPP/xamppfiles/htdocs/laravel/bootstrap/compiled.php(7576): Illuminate\Database\DatabaseManager->makeConnection('mysql')
#6 /Applications/XAMPP/xamppfiles/htdocs/laravel/vendor/laravel/framework/src/Illuminate/Database/Migrations/DatabaseMigrationRepository.php(167): Illuminate\Database\DatabaseManager->connection(NULL)
#7 /Applications/XAMPP/xamppfiles/htdocs/laravel/vendor/laravel/framework/src/Illuminate/Database/Migrations/DatabaseMigrationRepository.php(135): Illuminate\Database\Migrations\DatabaseMigrationRepository->getConnection()
#8 /Applications/XAMPP/xamppfiles/htdocs/laravel/vendor/laravel/framework/src/Illuminate/Database/Migrations/Migrator.php(371): Illuminate\Database\Migrations\DatabaseMigrationRepository->repositoryExists()
#9 /Applications/XAMPP/xamppfiles/htdocs/laravel/vendor/laravel/framework/src/Illuminate/Database/Console/Migrations/MigrateCommand.php(98): Illuminate\Database\Migrations\Migrator->repositoryExists()
#10 /Applications/XAMPP/xamppfiles/htdocs/laravel/vendor/laravel/framework/src/Illuminate/Database/Console/Migrations/MigrateCommand.php(61): Illuminate\Database\Console\Migrations\MigrateCommand->prepareDatabase()
#11 /Applications/XAMPP/xamppfiles/htdocs/laravel/vendor/laravel/framework/src/Illuminate/Console/Command.php(112): Illuminate\Database\Console\Migrations\MigrateCommand->fire()
#12 /Applications/XAMPP/xamppfiles/htdocs/laravel/vendor/symfony/console/Symfony/Component/Console/Command/Command.php(253): Illuminate\Console\Command->execute(Object(Symfony\Component\Console\Input\ArrayInput), Object(Symfony\Component\Console\Output\ConsoleOutput))
#13 /Applications/XAMPP/xamppfiles/htdocs/laravel/vendor/laravel/framework/src/Illuminate/Console/Command.php(100): Symfony\Component\Console\Command\Command->run(Object(Symfony\Component\Console\Input\ArrayInput), Object(Symfony\Component\Console\Output\ConsoleOutput))
#14 /Applications/XAMPP/xamppfiles/htdocs/laravel/vendor/laravel/framework/src/Illuminate/Console/Command.php(128): Illuminate\Console\Command->run(Object(Symfony\Component\Console\Input\ArrayInput), Object(Symfony\Component\Console\Output\ConsoleOutput))
#15 /Applications/XAMPP/xamppfiles/htdocs/laravel/vendor/laravel/framework/src/Illuminate/Database/Console/Migrations/RefreshCommand.php(47): Illuminate\Console\Command->call('migrate', Array)
#16 /Applications/XAMPP/xamppfiles/htdocs/laravel/vendor/laravel/framework/src/Illuminate/Console/Command.php(112): Illuminate\Database\Console\Migrations\RefreshCommand->fire()
#17 /Applications/XAMPP/xamppfiles/htdocs/laravel/vendor/symfony/console/Symfony/Component/Console/Command/Command.php(253): Illuminate\Console\Command->execute(Object(Symfony\Component\Console\Input\ArgvInput), Object(Symfony\Component\Console\Output\ConsoleOutput))
#18 /Applications/XAMPP/xamppfiles/htdocs/laravel/vendor/laravel/framework/src/Illuminate/Console/Command.php(100): Symfony\Component\Console\Command\Command->run(Object(Symfony\Component\Console\Input\ArgvInput), Object(Symfony\Component\Console\Output\ConsoleOutput))
#19 /Applications/XAMPP/xamppfiles/htdocs/laravel/vendor/symfony/console/Symfony/Component/Console/Application.php(889): Illuminate\Console\Command->run(Object(Symfony\Component\Console\Input\ArgvInput), Object(Symfony\Component\Console\Output\ConsoleOutput))
#20 /Applications/XAMPP/xamppfiles/htdocs/laravel/vendor/symfony/console/Symfony/Component/Console/Application.php(193): Symfony\Component\Console\Application->doRunCommand(Object(Illuminate\Database\Console\Migrations\RefreshCommand), Object(Symfony\Component\Console\Input\ArgvInput), Object(Symfony\Component\Console\Output\ConsoleOutput))
#21 /Applications/XAMPP/xamppfiles/htdocs/laravel/vendor/symfony/console/Symfony/Component/Console/Application.php(124): Symfony\Component\Console\Application->doRun(Object(Symfony\Component\Console\Input\ArgvInput), Object(Symfony\Component\Console\Output\ConsoleOutput))
#22 /Applications/XAMPP/xamppfiles/htdocs/laravel/artisan(59): Symfony\Component\Console\Application->run()
#23 {main} [] []
[2015-11-11 14:38:32] production.ERROR: exception 'PDOException' with message 'SQLSTATE[HY000] [2002] No such file or directory' in /Applications/XAMPP/xamppfiles/htdocs/laravel/vendor/laravel/framework/src/Illuminate/Database/Connectors/Connector.php:47
Stack trace:
#0 /Applications/XAMPP/xamppfiles/htdocs/laravel/vendor/laravel/framework/src/Illuminate/Database/Connectors/Connector.php(47): PDO->__construct('mysql:host=loca...', 'root', '', Array)
#1 /Applications/XAMPP/xamppfiles/htdocs/laravel/vendor/laravel/framework/src/Illuminate/Database/Connectors/MySqlConnector.php(20): Illuminate\Database\Connectors\Connector->createConnection('mysql:host=loca...', Array, Array)
#2 /Applications/XAMPP/xamppfiles/htdocs/laravel/bootstrap/compiled.php(7713): Illuminate\Database\Connectors\MySqlConnector->connect(Array)
#3 /Applications/XAMPP/xamppfiles/htdocs/laravel/bootstrap/compiled.php(7709): Illuminate\Database\Connectors\ConnectionFactory->createSingleConnection(Array)
#4 /Applications/XAMPP/xamppfiles/htdocs/laravel/bootstrap/compiled.php(7621): Illuminate\Database\Connectors\ConnectionFactory->make(Array, 'mysql')
#5 /Applications/XAMPP/xamppfiles/htdocs/laravel/bootstrap/compiled.php(7576): Illuminate\Database\DatabaseManager->makeConnection('mysql')
#6 /Applications/XAMPP/xamppfiles/htdocs/laravel/vendor/laravel/framework/src/Illuminate/Database/Migrations/DatabaseMigrationRepository.php(167): Illuminate\Database\DatabaseManager->connection(NULL)
#7 /Applications/XAMPP/xamppfiles/htdocs/laravel/vendor/laravel/framework/src/Illuminate/Database/Migrations/DatabaseMigrationRepository.php(147): Illuminate\Database\Migrations\DatabaseMigrationRepository->getConnection()
#8 /Applications/XAMPP/xamppfiles/htdocs/laravel/vendor/laravel/framework/src/Illuminate/Database/Migrations/DatabaseMigrationRepository.php(58): Illuminate\Database\Migrations\DatabaseMigrationRepository->table()
#9 /Applications/XAMPP/xamppfiles/htdocs/laravel/vendor/laravel/framework/src/Illuminate/Database/Migrations/Migrator.php(158): Illuminate\Database\Migrations\DatabaseMigrationRepository->getLast()
#10 /Applications/XAMPP/xamppfiles/htdocs/laravel/vendor/laravel/framework/src/Illuminate/Database/Console/Migrations/ResetCommand.php(61): Illuminate\Database\Migrations\Migrator->rollback(false)
#11 /Applications/XAMPP/xamppfiles/htdocs/laravel/vendor/laravel/framework/src/Illuminate/Console/Command.php(112): Illuminate\Database\Console\Migrations\ResetCommand->fire()
#12 /Applications/XAMPP/xamppfiles/htdocs/laravel/vendor/symfony/console/Symfony/Component/Console/Command/Command.php(253): Illuminate\Console\Command->execute(Object(Symfony\Component\Console\Input\ArrayInput), Object(Symfony\Component\Console\Output\ConsoleOutput))
#13 /Applications/XAMPP/xamppfiles/htdocs/laravel/vendor/laravel/framework/src/Illuminate/Console/Command.php(100): Symfony\Component\Console\Command\Command->run(Object(Symfony\Component\Console\Input\ArrayInput), Object(Symfony\Component\Console\Output\ConsoleOutput))
#14 /Applications/XAMPP/xamppfiles/htdocs/laravel/vendor/laravel/framework/src/Illuminate/Console/Command.php(128): Illuminate\Console\Command->run(Object(Symfony\Component\Console\Input\ArrayInput), Object(Symfony\Component\Console\Output\ConsoleOutput))
#15 /Applications/XAMPP/xamppfiles/htdocs/laravel/vendor/laravel/framework/src/Illuminate/Database/Console/Migrations/RefreshCommand.php(40): Illuminate\Console\Command->call('migrate:reset', Array)
#16 /Applications/XAMPP/xamppfiles/htdocs/laravel/vendor/laravel/framework/src/Illuminate/Console/Command.php(112): Illuminate\Database\Console\Migrations\RefreshCommand->fire()
#17 /Applications/XAMPP/xamppfiles/htdocs/laravel/vendor/symfony/console/Symfony/Component/Console/Command/Command.php(253): Illuminate\Console\Command->execute(Object(Symfony\Component\Console\Input\ArgvInput), Object(Symfony\Component\Console\Output\ConsoleOutput))
#18 /Applications/XAMPP/xamppfiles/htdocs/laravel/vendor/laravel/framework/src/Illuminate/Console/Command.php(100): Symfony\Component\Console\Command\Command->run(Object(Symfony\Component\Console\Input\ArgvInput), Object(Symfony\Component\Console\Output\ConsoleOutput))
#19 /Applications/XAMPP/xamppfiles/htdocs/laravel/vendor/symfony/console/Symfony/Component/Console/Application.php(889): Illuminate\Console\Command->run(Object(Symfony\Component\Console\Input\ArgvInput), Object(Symfony\Component\Console\Output\ConsoleOutput))
#20 /Applications/XAMPP/xamppfiles/htdocs/laravel/vendor/symfony/console/Symfony/Component/Console/Application.php(193): Symfony\Component\Console\Application->doRunCommand(Object(Illuminate\Database\Console\Migrations\RefreshCommand), Object(Symfony\Component\Console\Input\ArgvInput), Object(Symfony\Component\Console\Output\ConsoleOutput))
#21 /Applications/XAMPP/xamppfiles/htdocs/laravel/vendor/symfony/console/Symfony/Component/Console/Application.php(124): Symfony\Component\Console\Application->doRun(Object(Symfony\Component\Console\Input\ArgvInput), Object(Symfony\Component\Console\Output\ConsoleOutput))
#22 /Applications/XAMPP/xamppfiles/htdocs/laravel/artisan(59): Symfony\Component\Console\Application->run()
#23 {main} [] []
[2015-11-11 15:06:13] production.ERROR: exception 'Symfony\Component\Debug\Exception\FatalErrorException' with message 'syntax error, unexpected ''id_dosen'' (T_CONSTANT_ENCAPSED_STRING), expecting ')'' in /Applications/XAMPP/xamppfiles/htdocs/laravel/app/database/seeds/SeederRelasi.php:25
Stack trace:
#0 [internal function]: Illuminate\Exception\Handler->handleShutdown()
#1 {main} [] []
[2015-11-11 15:07:56] production.ERROR: exception 'PDOException' with message 'SQLSTATE[42S02]: Base table or view not found: 1146 Table 'rai.mahasiswa' doesn't exist' in /Applications/XAMPP/xamppfiles/htdocs/laravel/vendor/laravel/framework/src/Illuminate/Database/Connection.php:389
Stack trace:
#0 /Applications/XAMPP/xamppfiles/htdocs/laravel/vendor/laravel/framework/src/Illuminate/Database/Connection.php(389): PDO->prepare('delete from `ma...')
#1 /Applications/XAMPP/xamppfiles/htdocs/laravel/vendor/laravel/framework/src/Illuminate/Database/Connection.php(617): Illuminate\Database\Connection->Illuminate\Database\{closure}(Object(Illuminate\Database\MySqlConnection), 'delete from `ma...', Array)
#2 /Applications/XAMPP/xamppfiles/htdocs/laravel/vendor/laravel/framework/src/Illuminate/Database/Connection.php(581): Illuminate\Database\Connection->runQueryCallback('delete from `ma...', Array, Object(Closure))
#3 /Applications/XAMPP/xamppfiles/htdocs/laravel/vendor/laravel/framework/src/Illuminate/Database/Connection.php(394): Illuminate\Database\Connection->run('delete from `ma...', Array, Object(Closure))
#4 /Applications/XAMPP/xamppfiles/htdocs/laravel/vendor/laravel/framework/src/Illuminate/Database/Connection.php(351): Illuminate\Database\Connection->affectingStatement('delete from `ma...', Array)
#5 /Applications/XAMPP/xamppfiles/htdocs/laravel/vendor/laravel/framework/src/Illuminate/Database/Query/Builder.php(1977): Illuminate\Database\Connection->delete('delete from `ma...', Array)
#6 /Applications/XAMPP/xamppfiles/htdocs/laravel/app/database/seeds/SeederRelasi.php(9): Illuminate\Database\Query\Builder->delete()
#7 /Applications/XAMPP/xamppfiles/htdocs/laravel/vendor/laravel/framework/src/Illuminate/Database/Seeder.php(37): SeederRelasi->run()
#8 /Applications/XAMPP/xamppfiles/htdocs/laravel/app/database/seeds/DatabaseSeeder.php(15): Illuminate\Database\Seeder->call('SeederRelasi')
#9 /Applications/XAMPP/xamppfiles/htdocs/laravel/vendor/laravel/framework/src/Illuminate/Database/Console/SeedCommand.php(57): DatabaseSeeder->run()
#10 /Applications/XAMPP/xamppfiles/htdocs/laravel/vendor/laravel/framework/src/Illuminate/Console/Command.php(112): Illuminate\Database\Console\SeedCommand->fire()
#11 /Applications/XAMPP/xamppfiles/htdocs/laravel/vendor/symfony/console/Symfony/Component/Console/Command/Command.php(253): Illuminate\Console\Command->execute(Object(Symfony\Component\Console\Input\ArgvInput), Object(Symfony\Component\Console\Output\ConsoleOutput))
#12 /Applications/XAMPP/xamppfiles/htdocs/laravel/vendor/laravel/framework/src/Illuminate/Console/Command.php(100): Symfony\Component\Console\Command\Command->run(Object(Symfony\Component\Console\Input\ArgvInput), Object(Symfony\Component\Console\Output\ConsoleOutput))
#13 /Applications/XAMPP/xamppfiles/htdocs/laravel/vendor/symfony/console/Symfony/Component/Console/Application.php(889): Illuminate\Console\Command->run(Object(Symfony\Component\Console\Input\ArgvInput), Object(Symfony\Component\Console\Output\ConsoleOutput))
#14 /Applications/XAMPP/xamppfiles/htdocs/laravel/vendor/symfony/console/Symfony/Component/Console/Application.php(193): Symfony\Component\Console\Application->doRunCommand(Object(Illuminate\Database\Console\SeedCommand), Object(Symfony\Component\Console\Input\ArgvInput), Object(Symfony\Component\Console\Output\ConsoleOutput))
#15 /Applications/XAMPP/xamppfiles/htdocs/laravel/vendor/symfony/console/Symfony/Component/Console/Application.php(124): Symfony\Component\Console\Application->doRun(Object(Symfony\Component\Console\Input\ArgvInput), Object(Symfony\Component\Console\Output\ConsoleOutput))
#16 /Applications/XAMPP/xamppfiles/htdocs/laravel/artisan(59): Symfony\Component\Console\Application->run()
#17 {main}

Next exception 'Illuminate\Database\QueryException' with message 'SQLSTATE[42S02]: Base table or view not found: 1146 Table 'rai.mahasiswa' doesn't exist (SQL: delete from `mahasiswa`)' in /Applications/XAMPP/xamppfiles/htdocs/laravel/vendor/laravel/framework/src/Illuminate/Database/Connection.php:625
Stack trace:
#0 /Applications/XAMPP/xamppfiles/htdocs/laravel/vendor/laravel/framework/src/Illuminate/Database/Connection.php(581): Illuminate\Database\Connection->runQueryCallback('delete from `ma...', Array, Object(Closure))
#1 /Applications/XAMPP/xamppfiles/htdocs/laravel/vendor/laravel/framework/src/Illuminate/Database/Connection.php(394): Illuminate\Database\Connection->run('delete from `ma...', Array, Object(Closure))
#2 /Applications/XAMPP/xamppfiles/htdocs/laravel/vendor/laravel/framework/src/Illuminate/Database/Connection.php(351): Illuminate\Database\Connection->affectingStatement('delete from `ma...', Array)
#3 /Applications/XAMPP/xamppfiles/htdocs/laravel/vendor/laravel/framework/src/Illuminate/Database/Query/Builder.php(1977): Illuminate\Database\Connection->delete('delete from `ma...', Array)
#4 /Applications/XAMPP/xamppfiles/htdocs/laravel/app/database/seeds/SeederRelasi.php(9): Illuminate\Database\Query\Builder->delete()
#5 /Applications/XAMPP/xamppfiles/htdocs/laravel/vendor/laravel/framework/src/Illuminate/Database/Seeder.php(37): SeederRelasi->run()
#6 /Applications/XAMPP/xamppfiles/htdocs/laravel/app/database/seeds/DatabaseSeeder.php(15): Illuminate\Database\Seeder->call('SeederRelasi')
#7 /Applications/XAMPP/xamppfiles/htdocs/laravel/vendor/laravel/framework/src/Illuminate/Database/Console/SeedCommand.php(57): DatabaseSeeder->run()
#8 /Applications/XAMPP/xamppfiles/htdocs/laravel/vendor/laravel/framework/src/Illuminate/Console/Command.php(112): Illuminate\Database\Console\SeedCommand->fire()
#9 /Applications/XAMPP/xamppfiles/htdocs/laravel/vendor/symfony/console/Symfony/Component/Console/Command/Command.php(253): Illuminate\Console\Command->execute(Object(Symfony\Component\Console\Input\ArgvInput), Object(Symfony\Component\Console\Output\ConsoleOutput))
#10 /Applications/XAMPP/xamppfiles/htdocs/laravel/vendor/laravel/framework/src/Illuminate/Console/Command.php(100): Symfony\Component\Console\Command\Command->run(Object(Symfony\Component\Console\Input\ArgvInput), Object(Symfony\Component\Console\Output\ConsoleOutput))
#11 /Applications/XAMPP/xamppfiles/htdocs/laravel/vendor/symfony/console/Symfony/Component/Console/Application.php(889): Illuminate\Console\Command->run(Object(Symfony\Component\Console\Input\ArgvInput), Object(Symfony\Component\Console\Output\ConsoleOutput))
#12 /Applications/XAMPP/xamppfiles/htdocs/laravel/vendor/symfony/console/Symfony/Component/Console/Application.php(193): Symfony\Component\Console\Application->doRunCommand(Object(Illuminate\Database\Console\SeedCommand), Object(Symfony\Component\Console\Input\ArgvInput), Object(Symfony\Component\Console\Output\ConsoleOutput))
#13 /Applications/XAMPP/xamppfiles/htdocs/laravel/vendor/symfony/console/Symfony/Component/Console/Application.php(124): Symfony\Component\Console\Application->doRun(Object(Symfony\Component\Console\Input\ArgvInput), Object(Symfony\Component\Console\Output\ConsoleOutput))
#14 /Applications/XAMPP/xamppfiles/htdocs/laravel/artisan(59): Symfony\Component\Console\Application->run()
#15 {main} [] []
[2015-11-11 15:10:56] production.ERROR: exception 'PDOException' with message 'SQLSTATE[42S02]: Base table or view not found: 1146 Table 'rai.mahasiswa' doesn't exist' in /Applications/XAMPP/xamppfiles/htdocs/laravel/vendor/laravel/framework/src/Illuminate/Database/Connection.php:389
Stack trace:
#0 /Applications/XAMPP/xamppfiles/htdocs/laravel/vendor/laravel/framework/src/Illuminate/Database/Connection.php(389): PDO->prepare('delete from `ma...')
#1 /Applications/XAMPP/xamppfiles/htdocs/laravel/vendor/laravel/framework/src/Illuminate/Database/Connection.php(617): Illuminate\Database\Connection->Illuminate\Database\{closure}(Object(Illuminate\Database\MySqlConnection), 'delete from `ma...', Array)
#2 /Applications/XAMPP/xamppfiles/htdocs/laravel/vendor/laravel/framework/src/Illuminate/Database/Connection.php(581): Illuminate\Database\Connection->runQueryCallback('delete from `ma...', Array, Object(Closure))
#3 /Applications/XAMPP/xamppfiles/htdocs/laravel/vendor/laravel/framework/src/Illuminate/Database/Connection.php(394): Illuminate\Database\Connection->run('delete from `ma...', Array, Object(Closure))
#4 /Applications/XAMPP/xamppfiles/htdocs/laravel/vendor/laravel/framework/src/Illuminate/Database/Connection.php(351): Illuminate\Database\Connection->affectingStatement('delete from `ma...', Array)
#5 /Applications/XAMPP/xamppfiles/htdocs/laravel/vendor/laravel/framework/src/Illuminate/Database/Query/Builder.php(1977): Illuminate\Database\Connection->delete('delete from `ma...', Array)
#6 /Applications/XAMPP/xamppfiles/htdocs/laravel/app/database/seeds/SeederRelasi.php(9): Illuminate\Database\Query\Builder->delete()
#7 /Applications/XAMPP/xamppfiles/htdocs/laravel/vendor/laravel/framework/src/Illuminate/Database/Seeder.php(37): SeederRelasi->run()
#8 /Applications/XAMPP/xamppfiles/htdocs/laravel/app/database/seeds/DatabaseSeeder.php(15): Illuminate\Database\Seeder->call('SeederRelasi')
#9 /Applications/XAMPP/xamppfiles/htdocs/laravel/vendor/laravel/framework/src/Illuminate/Database/Console/SeedCommand.php(57): DatabaseSeeder->run()
#10 /Applications/XAMPP/xamppfiles/htdocs/laravel/vendor/laravel/framework/src/Illuminate/Console/Command.php(112): Illuminate\Database\Console\SeedCommand->fire()
#11 /Applications/XAMPP/xamppfiles/htdocs/laravel/vendor/symfony/console/Symfony/Component/Console/Command/Command.php(253): Illuminate\Console\Command->execute(Object(Symfony\Component\Console\Input\ArgvInput), Object(Symfony\Component\Console\Output\ConsoleOutput))
#12 /Applications/XAMPP/xamppfiles/htdocs/laravel/vendor/laravel/framework/src/Illuminate/Console/Command.php(100): Symfony\Component\Console\Command\Command->run(Object(Symfony\Component\Console\Input\ArgvInput), Object(Symfony\Component\Console\Output\ConsoleOutput))
#13 /Applications/XAMPP/xamppfiles/htdocs/laravel/vendor/symfony/console/Symfony/Component/Console/Application.php(889): Illuminate\Console\Command->run(Object(Symfony\Component\Console\Input\ArgvInput), Object(Symfony\Component\Console\Output\ConsoleOutput))
#14 /Applications/XAMPP/xamppfiles/htdocs/laravel/vendor/symfony/console/Symfony/Component/Console/Application.php(193): Symfony\Component\Console\Application->doRunCommand(Object(Illuminate\Database\Console\SeedCommand), Object(Symfony\Component\Console\Input\ArgvInput), Object(Symfony\Component\Console\Output\ConsoleOutput))
#15 /Applications/XAMPP/xamppfiles/htdocs/laravel/vendor/symfony/console/Symfony/Component/Console/Application.php(124): Symfony\Component\Console\Application->doRun(Object(Symfony\Component\Console\Input\ArgvInput), Object(Symfony\Component\Console\Output\ConsoleOutput))
#16 /Applications/XAMPP/xamppfiles/htdocs/laravel/artisan(59): Symfony\Component\Console\Application->run()
#17 {main}

Next exception 'Illuminate\Database\QueryException' with message 'SQLSTATE[42S02]: Base table or view not found: 1146 Table 'rai.mahasiswa' doesn't exist (SQL: delete from `mahasiswa`)' in /Applications/XAMPP/xamppfiles/htdocs/laravel/vendor/laravel/framework/src/Illuminate/Database/Connection.php:625
Stack trace:
#0 /Applications/XAMPP/xamppfiles/htdocs/laravel/vendor/laravel/framework/src/Illuminate/Database/Connection.php(581): Illuminate\Database\Connection->runQueryCallback('delete from `ma...', Array, Object(Closure))
#1 /Applications/XAMPP/xamppfiles/htdocs/laravel/vendor/laravel/framework/src/Illuminate/Database/Connection.php(394): Illuminate\Database\Connection->run('delete from `ma...', Array, Object(Closure))
#2 /Applications/XAMPP/xamppfiles/htdocs/laravel/vendor/laravel/framework/src/Illuminate/Database/Connection.php(351): Illuminate\Database\Connection->affectingStatement('delete from `ma...', Array)
#3 /Applications/XAMPP/xamppfiles/htdocs/laravel/vendor/laravel/framework/src/Illuminate/Database/Query/Builder.php(1977): Illuminate\Database\Connection->delete('delete from `ma...', Array)
#4 /Applications/XAMPP/xamppfiles/htdocs/laravel/app/database/seeds/SeederRelasi.php(9): Illuminate\Database\Query\Builder->delete()
#5 /Applications/XAMPP/xamppfiles/htdocs/laravel/vendor/laravel/framework/src/Illuminate/Database/Seeder.php(37): SeederRelasi->run()
#6 /Applications/XAMPP/xamppfiles/htdocs/laravel/app/database/seeds/DatabaseSeeder.php(15): Illuminate\Database\Seeder->call('SeederRelasi')
#7 /Applications/XAMPP/xamppfiles/htdocs/laravel/vendor/laravel/framework/src/Illuminate/Database/Console/SeedCommand.php(57): DatabaseSeeder->run()
#8 /Applications/XAMPP/xamppfiles/htdocs/laravel/vendor/laravel/framework/src/Illuminate/Console/Command.php(112): Illuminate\Database\Console\SeedCommand->fire()
#9 /Applications/XAMPP/xamppfiles/htdocs/laravel/vendor/symfony/console/Symfony/Component/Console/Command/Command.php(253): Illuminate\Console\Command->execute(Object(Symfony\Component\Console\Input\ArgvInput), Object(Symfony\Component\Console\Output\ConsoleOutput))
#10 /Applications/XAMPP/xamppfiles/htdocs/laravel/vendor/laravel/framework/src/Illuminate/Console/Command.php(100): Symfony\Component\Console\Command\Command->run(Object(Symfony\Component\Console\Input\ArgvInput), Object(Symfony\Component\Console\Output\ConsoleOutput))
#11 /Applications/XAMPP/xamppfiles/htdocs/laravel/vendor/symfony/console/Symfony/Component/Console/Application.php(889): Illuminate\Console\Command->run(Object(Symfony\Component\Console\Input\ArgvInput), Object(Symfony\Component\Console\Output\ConsoleOutput))
#12 /Applications/XAMPP/xamppfiles/htdocs/laravel/vendor/symfony/console/Symfony/Component/Console/Application.php(193): Symfony\Component\Console\Application->doRunCommand(Object(Illuminate\Database\Console\SeedCommand), Object(Symfony\Component\Console\Input\ArgvInput), Object(Symfony\Component\Console\Output\ConsoleOutput))
#13 /Applications/XAMPP/xamppfiles/htdocs/laravel/vendor/symfony/console/Symfony/Component/Console/Application.php(124): Symfony\Component\Console\Application->doRun(Object(Symfony\Component\Console\Input\ArgvInput), Object(Symfony\Component\Console\Output\ConsoleOutput))
#14 /Applications/XAMPP/xamppfiles/htdocs/laravel/artisan(59): Symfony\Component\Console\Application->run()
#15 {main} [] []
[2015-11-11 15:12:27] production.ERROR: exception 'PDOException' with message 'SQLSTATE[42S22]: Column not found: 1054 Unknown column 'nipd' in 'field list'' in /Applications/XAMPP/xamppfiles/htdocs/laravel/vendor/laravel/framework/src/Illuminate/Database/Connection.php:369
Stack trace:
#0 /Applications/XAMPP/xamppfiles/htdocs/laravel/vendor/laravel/framework/src/Illuminate/Database/Connection.php(369): PDO->prepare('insert into `do...')
#1 /Applications/XAMPP/xamppfiles/htdocs/laravel/vendor/laravel/framework/src/Illuminate/Database/Connection.php(617): Illuminate\Database\Connection->Illuminate\Database\{closure}(Object(Illuminate\Database\MySqlConnection), 'insert into `do...', Array)
#2 /Applications/XAMPP/xamppfiles/htdocs/laravel/vendor/laravel/framework/src/Illuminate/Database/Connection.php(581): Illuminate\Database\Connection->runQueryCallback('insert into `do...', Array, Object(Closure))
#3 /Applications/XAMPP/xamppfiles/htdocs/laravel/vendor/laravel/framework/src/Illuminate/Database/Connection.php(370): Illuminate\Database\Connection->run('insert into `do...', Array, Object(Closure))
#4 /Applications/XAMPP/xamppfiles/htdocs/laravel/vendor/laravel/framework/src/Illuminate/Database/Connection.php(327): Illuminate\Database\Connection->statement('insert into `do...', Array)
#5 /Applications/XAMPP/xamppfiles/htdocs/laravel/vendor/laravel/framework/src/Illuminate/Database/Query/Processors/Processor.php(30): Illuminate\Database\Connection->insert('insert into `do...', Array)
#6 /Applications/XAMPP/xamppfiles/htdocs/laravel/vendor/laravel/framework/src/Illuminate/Database/Query/Builder.php(1910): Illuminate\Database\Query\Processors\Processor->processInsertGetId(Object(Illuminate\Database\Query\Builder), 'insert into `do...', Array, 'id')
#7 [internal function]: Illuminate\Database\Query\Builder->insertGetId(Array, 'id')
#8 /Applications/XAMPP/xamppfiles/htdocs/laravel/vendor/laravel/framework/src/Illuminate/Database/Eloquent/Builder.php(972): call_user_func_array(Array, Array)
#9 /Applications/XAMPP/xamppfiles/htdocs/laravel/bootstrap/compiled.php(6913): Illuminate\Database\Eloquent\Builder->__call('insertGetId', Array)
#10 /Applications/XAMPP/xamppfiles/htdocs/laravel/bootstrap/compiled.php(6913): Illuminate\Database\Eloquent\Builder->insertGetId(Array, 'id')
#11 /Applications/XAMPP/xamppfiles/htdocs/laravel/bootstrap/compiled.php(6903): Illuminate\Database\Eloquent\Model->insertAndSetId(Object(Illuminate\Database\Eloquent\Builder), Array)
#12 /Applications/XAMPP/xamppfiles/htdocs/laravel/bootstrap/compiled.php(6860): Illuminate\Database\Eloquent\Model->performInsert(Object(Illuminate\Database\Eloquent\Builder), Array)
#13 /Applications/XAMPP/xamppfiles/htdocs/laravel/bootstrap/compiled.php(6506): Illuminate\Database\Eloquent\Model->save()
#14 /Applications/XAMPP/xamppfiles/htdocs/laravel/app/database/seeds/SeederRelasi.php(19): Illuminate\Database\Eloquent\Model::create(Array)
#15 /Applications/XAMPP/xamppfiles/htdocs/laravel/vendor/laravel/framework/src/Illuminate/Database/Seeder.php(37): SeederRelasi->run()
#16 /Applications/XAMPP/xamppfiles/htdocs/laravel/app/database/seeds/DatabaseSeeder.php(15): Illuminate\Database\Seeder->call('SeederRelasi')
#17 /Applications/XAMPP/xamppfiles/htdocs/laravel/vendor/laravel/framework/src/Illuminate/Database/Console/SeedCommand.php(57): DatabaseSeeder->run()
#18 /Applications/XAMPP/xamppfiles/htdocs/laravel/vendor/laravel/framework/src/Illuminate/Console/Command.php(112): Illuminate\Database\Console\SeedCommand->fire()
#19 /Applications/XAMPP/xamppfiles/htdocs/laravel/vendor/symfony/console/Symfony/Component/Console/Command/Command.php(253): Illuminate\Console\Command->execute(Object(Symfony\Component\Console\Input\ArgvInput), Object(Symfony\Component\Console\Output\ConsoleOutput))
#20 /Applications/XAMPP/xamppfiles/htdocs/laravel/vendor/laravel/framework/src/Illuminate/Console/Command.php(100): Symfony\Component\Console\Command\Command->run(Object(Symfony\Component\Console\Input\ArgvInput), Object(Symfony\Component\Console\Output\ConsoleOutput))
#21 /Applications/XAMPP/xamppfiles/htdocs/laravel/vendor/symfony/console/Symfony/Component/Console/Application.php(889): Illuminate\Console\Command->run(Object(Symfony\Component\Console\Input\ArgvInput), Object(Symfony\Component\Console\Output\ConsoleOutput))
#22 /Applications/XAMPP/xamppfiles/htdocs/laravel/vendor/symfony/console/Symfony/Component/Console/Application.php(193): Symfony\Component\Console\Application->doRunCommand(Object(Illuminate\Database\Console\SeedCommand), Object(Symfony\Component\Console\Input\ArgvInput), Object(Symfony\Component\Console\Output\ConsoleOutput))
#23 /Applications/XAMPP/xamppfiles/htdocs/laravel/vendor/symfony/console/Symfony/Component/Console/Application.php(124): Symfony\Component\Console\Application->doRun(Object(Symfony\Component\Console\Input\ArgvInput), Object(Symfony\Component\Console\Output\ConsoleOutput))
#24 /Applications/XAMPP/xamppfiles/htdocs/laravel/artisan(59): Symfony\Component\Console\Application->run()
#25 {main}

Next exception 'Illuminate\Database\QueryException' with message 'SQLSTATE[42S22]: Column not found: 1054 Unknown column 'nipd' in 'field list' (SQL: insert into `dosen` (`nama`, `nipd`, `updated_at`, `created_at`) values (Darwis, 12321310, 2015-11-11 15:12:27, 2015-11-11 15:12:27))' in /Applications/XAMPP/xamppfiles/htdocs/laravel/vendor/laravel/framework/src/Illuminate/Database/Connection.php:625
Stack trace:
#0 /Applications/XAMPP/xamppfiles/htdocs/laravel/vendor/laravel/framework/src/Illuminate/Database/Connection.php(581): Illuminate\Database\Connection->runQueryCallback('insert into `do...', Array, Object(Closure))
#1 /Applications/XAMPP/xamppfiles/htdocs/laravel/vendor/laravel/framework/src/Illuminate/Database/Connection.php(370): Illuminate\Database\Connection->run('insert into `do...', Array, Object(Closure))
#2 /Applications/XAMPP/xamppfiles/htdocs/laravel/vendor/laravel/framework/src/Illuminate/Database/Connection.php(327): Illuminate\Database\Connection->statement('insert into `do...', Array)
#3 /Applications/XAMPP/xamppfiles/htdocs/laravel/vendor/laravel/framework/src/Illuminate/Database/Query/Processors/Processor.php(30): Illuminate\Database\Connection->insert('insert into `do...', Array)
#4 /Applications/XAMPP/xamppfiles/htdocs/laravel/vendor/laravel/framework/src/Illuminate/Database/Query/Builder.php(1910): Illuminate\Database\Query\Processors\Processor->processInsertGetId(Object(Illuminate\Database\Query\Builder), 'insert into `do...', Array, 'id')
#5 [internal function]: Illuminate\Database\Query\Builder->insertGetId(Array, 'id')
#6 /Applications/XAMPP/xamppfiles/htdocs/laravel/vendor/laravel/framework/src/Illuminate/Database/Eloquent/Builder.php(972): call_user_func_array(Array, Array)
#7 /Applications/XAMPP/xamppfiles/htdocs/laravel/bootstrap/compiled.php(6913): Illuminate\Database\Eloquent\Builder->__call('insertGetId', Array)
#8 /Applications/XAMPP/xamppfiles/htdocs/laravel/bootstrap/compiled.php(6913): Illuminate\Database\Eloquent\Builder->insertGetId(Array, 'id')
#9 /Applications/XAMPP/xamppfiles/htdocs/laravel/bootstrap/compiled.php(6903): Illuminate\Database\Eloquent\Model->insertAndSetId(Object(Illuminate\Database\Eloquent\Builder), Array)
#10 /Applications/XAMPP/xamppfiles/htdocs/laravel/bootstrap/compiled.php(6860): Illuminate\Database\Eloquent\Model->performInsert(Object(Illuminate\Database\Eloquent\Builder), Array)
#11 /Applications/XAMPP/xamppfiles/htdocs/laravel/bootstrap/compiled.php(6506): Illuminate\Database\Eloquent\Model->save()
#12 /Applications/XAMPP/xamppfiles/htdocs/laravel/app/database/seeds/SeederRelasi.php(19): Illuminate\Database\Eloquent\Model::create(Array)
#13 /Applications/XAMPP/xamppfiles/htdocs/laravel/vendor/laravel/framework/src/Illuminate/Database/Seeder.php(37): SeederRelasi->run()
#14 /Applications/XAMPP/xamppfiles/htdocs/laravel/app/database/seeds/DatabaseSeeder.php(15): Illuminate\Database\Seeder->call('SeederRelasi')
#15 /Applications/XAMPP/xamppfiles/htdocs/laravel/vendor/laravel/framework/src/Illuminate/Database/Console/SeedCommand.php(57): DatabaseSeeder->run()
#16 /Applications/XAMPP/xamppfiles/htdocs/laravel/vendor/laravel/framework/src/Illuminate/Console/Command.php(112): Illuminate\Database\Console\SeedCommand->fire()
#17 /Applications/XAMPP/xamppfiles/htdocs/laravel/vendor/symfony/console/Symfony/Component/Console/Command/Command.php(253): Illuminate\Console\Command->execute(Object(Symfony\Component\Console\Input\ArgvInput), Object(Symfony\Component\Console\Output\ConsoleOutput))
#18 /Applications/XAMPP/xamppfiles/htdocs/laravel/vendor/laravel/framework/src/Illuminate/Console/Command.php(100): Symfony\Component\Console\Command\Command->run(Object(Symfony\Component\Console\Input\ArgvInput), Object(Symfony\Component\Console\Output\ConsoleOutput))
#19 /Applications/XAMPP/xamppfiles/htdocs/laravel/vendor/symfony/console/Symfony/Component/Console/Application.php(889): Illuminate\Console\Command->run(Object(Symfony\Component\Console\Input\ArgvInput), Object(Symfony\Component\Console\Output\ConsoleOutput))
#20 /Applications/XAMPP/xamppfiles/htdocs/laravel/vendor/symfony/console/Symfony/Component/Console/Application.php(193): Symfony\Component\Console\Application->doRunCommand(Object(Illuminate\Database\Console\SeedCommand), Object(Symfony\Component\Console\Input\ArgvInput), Object(Symfony\Component\Console\Output\ConsoleOutput))
#21 /Applications/XAMPP/xamppfiles/htdocs/laravel/vendor/symfony/console/Symfony/Component/Console/Application.php(124): Symfony\Component\Console\Application->doRun(Object(Symfony\Component\Console\Input\ArgvInput), Object(Symfony\Component\Console\Output\ConsoleOutput))
#22 /Applications/XAMPP/xamppfiles/htdocs/laravel/artisan(59): Symfony\Component\Console\Application->run()
#23 {main} [] []
[2015-11-11 15:13:01] production.ERROR: exception 'PDOException' with message 'SQLSTATE[42S22]: Column not found: 1054 Unknown column 'nipd' in 'field list'' in /Applications/XAMPP/xamppfiles/htdocs/laravel/vendor/laravel/framework/src/Illuminate/Database/Connection.php:369
Stack trace:
#0 /Applications/XAMPP/xamppfiles/htdocs/laravel/vendor/laravel/framework/src/Illuminate/Database/Connection.php(369): PDO->prepare('insert into `do...')
#1 /Applications/XAMPP/xamppfiles/htdocs/laravel/vendor/laravel/framework/src/Illuminate/Database/Connection.php(617): Illuminate\Database\Connection->Illuminate\Database\{closure}(Object(Illuminate\Database\MySqlConnection), 'insert into `do...', Array)
#2 /Applications/XAMPP/xamppfiles/htdocs/laravel/vendor/laravel/framework/src/Illuminate/Database/Connection.php(581): Illuminate\Database\Connection->runQueryCallback('insert into `do...', Array, Object(Closure))
#3 /Applications/XAMPP/xamppfiles/htdocs/laravel/vendor/laravel/framework/src/Illuminate/Database/Connection.php(370): Illuminate\Database\Connection->run('insert into `do...', Array, Object(Closure))
#4 /Applications/XAMPP/xamppfiles/htdocs/laravel/vendor/laravel/framework/src/Illuminate/Database/Connection.php(327): Illuminate\Database\Connection->statement('insert into `do...', Array)
#5 /Applications/XAMPP/xamppfiles/htdocs/laravel/vendor/laravel/framework/src/Illuminate/Database/Query/Processors/Processor.php(30): Illuminate\Database\Connection->insert('insert into `do...', Array)
#6 /Applications/XAMPP/xamppfiles/htdocs/laravel/vendor/laravel/framework/src/Illuminate/Database/Query/Builder.php(1910): Illuminate\Database\Query\Processors\Processor->processInsertGetId(Object(Illuminate\Database\Query\Builder), 'insert into `do...', Array, 'id')
#7 [internal function]: Illuminate\Database\Query\Builder->insertGetId(Array, 'id')
#8 /Applications/XAMPP/xamppfiles/htdocs/laravel/vendor/laravel/framework/src/Illuminate/Database/Eloquent/Builder.php(972): call_user_func_array(Array, Array)
#9 /Applications/XAMPP/xamppfiles/htdocs/laravel/bootstrap/compiled.php(6913): Illuminate\Database\Eloquent\Builder->__call('insertGetId', Array)
#10 /Applications/XAMPP/xamppfiles/htdocs/laravel/bootstrap/compiled.php(6913): Illuminate\Database\Eloquent\Builder->insertGetId(Array, 'id')
#11 /Applications/XAMPP/xamppfiles/htdocs/laravel/bootstrap/compiled.php(6903): Illuminate\Database\Eloquent\Model->insertAndSetId(Object(Illuminate\Database\Eloquent\Builder), Array)
#12 /Applications/XAMPP/xamppfiles/htdocs/laravel/bootstrap/compiled.php(6860): Illuminate\Database\Eloquent\Model->performInsert(Object(Illuminate\Database\Eloquent\Builder), Array)
#13 /Applications/XAMPP/xamppfiles/htdocs/laravel/bootstrap/compiled.php(6506): Illuminate\Database\Eloquent\Model->save()
#14 /Applications/XAMPP/xamppfiles/htdocs/laravel/app/database/seeds/SeederRelasi.php(19): Illuminate\Database\Eloquent\Model::create(Array)
#15 /Applications/XAMPP/xamppfiles/htdocs/laravel/vendor/laravel/framework/src/Illuminate/Database/Seeder.php(37): SeederRelasi->run()
#16 /Applications/XAMPP/xamppfiles/htdocs/laravel/app/database/seeds/DatabaseSeeder.php(15): Illuminate\Database\Seeder->call('SeederRelasi')
#17 /Applications/XAMPP/xamppfiles/htdocs/laravel/vendor/laravel/framework/src/Illuminate/Database/Console/SeedCommand.php(57): DatabaseSeeder->run()
#18 /Applications/XAMPP/xamppfiles/htdocs/laravel/vendor/laravel/framework/src/Illuminate/Console/Command.php(112): Illuminate\Database\Console\SeedCommand->fire()
#19 /Applications/XAMPP/xamppfiles/htdocs/laravel/vendor/symfony/console/Symfony/Component/Console/Command/Command.php(253): Illuminate\Console\Command->execute(Object(Symfony\Component\Console\Input\ArgvInput), Object(Symfony\Component\Console\Output\ConsoleOutput))
#20 /Applications/XAMPP/xamppfiles/htdocs/laravel/vendor/laravel/framework/src/Illuminate/Console/Command.php(100): Symfony\Component\Console\Command\Command->run(Object(Symfony\Component\Console\Input\ArgvInput), Object(Symfony\Component\Console\Output\ConsoleOutput))
#21 /Applications/XAMPP/xamppfiles/htdocs/laravel/vendor/symfony/console/Symfony/Component/Console/Application.php(889): Illuminate\Console\Command->run(Object(Symfony\Component\Console\Input\ArgvInput), Object(Symfony\Component\Console\Output\ConsoleOutput))
#22 /Applications/XAMPP/xamppfiles/htdocs/laravel/vendor/symfony/console/Symfony/Component/Console/Application.php(193): Symfony\Component\Console\Application->doRunCommand(Object(Illuminate\Database\Console\SeedCommand), Object(Symfony\Component\Console\Input\ArgvInput), Object(Symfony\Component\Console\Output\ConsoleOutput))
#23 /Applications/XAMPP/xamppfiles/htdocs/laravel/vendor/symfony/console/Symfony/Component/Console/Application.php(124): Symfony\Component\Console\Application->doRun(Object(Symfony\Component\Console\Input\ArgvInput), Object(Symfony\Component\Console\Output\ConsoleOutput))
#24 /Applications/XAMPP/xamppfiles/htdocs/laravel/artisan(59): Symfony\Component\Console\Application->run()
#25 {main}

Next exception 'Illuminate\Database\QueryException' with message 'SQLSTATE[42S22]: Column not found: 1054 Unknown column 'nipd' in 'field list' (SQL: insert into `dosen` (`nama`, `nipd`, `updated_at`, `created_at`) values (Darwis, 12321310, 2015-11-11 15:13:01, 2015-11-11 15:13:01))' in /Applications/XAMPP/xamppfiles/htdocs/laravel/vendor/laravel/framework/src/Illuminate/Database/Connection.php:625
Stack trace:
#0 /Applications/XAMPP/xamppfiles/htdocs/laravel/vendor/laravel/framework/src/Illuminate/Database/Connection.php(581): Illuminate\Database\Connection->runQueryCallback('insert into `do...', Array, Object(Closure))
#1 /Applications/XAMPP/xamppfiles/htdocs/laravel/vendor/laravel/framework/src/Illuminate/Database/Connection.php(370): Illuminate\Database\Connection->run('insert into `do...', Array, Object(Closure))
#2 /Applications/XAMPP/xamppfiles/htdocs/laravel/vendor/laravel/framework/src/Illuminate/Database/Connection.php(327): Illuminate\Database\Connection->statement('insert into `do...', Array)
#3 /Applications/XAMPP/xamppfiles/htdocs/laravel/vendor/laravel/framework/src/Illuminate/Database/Query/Processors/Processor.php(30): Illuminate\Database\Connection->insert('insert into `do...', Array)
#4 /Applications/XAMPP/xamppfiles/htdocs/laravel/vendor/laravel/framework/src/Illuminate/Database/Query/Builder.php(1910): Illuminate\Database\Query\Processors\Processor->processInsertGetId(Object(Illuminate\Database\Query\Builder), 'insert into `do...', Array, 'id')
#5 [internal function]: Illuminate\Database\Query\Builder->insertGetId(Array, 'id')
#6 /Applications/XAMPP/xamppfiles/htdocs/laravel/vendor/laravel/framework/src/Illuminate/Database/Eloquent/Builder.php(972): call_user_func_array(Array, Array)
#7 /Applications/XAMPP/xamppfiles/htdocs/laravel/bootstrap/compiled.php(6913): Illuminate\Database\Eloquent\Builder->__call('insertGetId', Array)
#8 /Applications/XAMPP/xamppfiles/htdocs/laravel/bootstrap/compiled.php(6913): Illuminate\Database\Eloquent\Builder->insertGetId(Array, 'id')
#9 /Applications/XAMPP/xamppfiles/htdocs/laravel/bootstrap/compiled.php(6903): Illuminate\Database\Eloquent\Model->insertAndSetId(Object(Illuminate\Database\Eloquent\Builder), Array)
#10 /Applications/XAMPP/xamppfiles/htdocs/laravel/bootstrap/compiled.php(6860): Illuminate\Database\Eloquent\Model->performInsert(Object(Illuminate\Database\Eloquent\Builder), Array)
#11 /Applications/XAMPP/xamppfiles/htdocs/laravel/bootstrap/compiled.php(6506): Illuminate\Database\Eloquent\Model->save()
#12 /Applications/XAMPP/xamppfiles/htdocs/laravel/app/database/seeds/SeederRelasi.php(19): Illuminate\Database\Eloquent\Model::create(Array)
#13 /Applications/XAMPP/xamppfiles/htdocs/laravel/vendor/laravel/framework/src/Illuminate/Database/Seeder.php(37): SeederRelasi->run()
#14 /Applications/XAMPP/xamppfiles/htdocs/laravel/app/database/seeds/DatabaseSeeder.php(15): Illuminate\Database\Seeder->call('SeederRelasi')
#15 /Applications/XAMPP/xamppfiles/htdocs/laravel/vendor/laravel/framework/src/Illuminate/Database/Console/SeedCommand.php(57): DatabaseSeeder->run()
#16 /Applications/XAMPP/xamppfiles/htdocs/laravel/vendor/laravel/framework/src/Illuminate/Console/Command.php(112): Illuminate\Database\Console\SeedCommand->fire()
#17 /Applications/XAMPP/xamppfiles/htdocs/laravel/vendor/symfony/console/Symfony/Component/Console/Command/Command.php(253): Illuminate\Console\Command->execute(Object(Symfony\Component\Console\Input\ArgvInput), Object(Symfony\Component\Console\Output\ConsoleOutput))
#18 /Applications/XAMPP/xamppfiles/htdocs/laravel/vendor/laravel/framework/src/Illuminate/Console/Command.php(100): Symfony\Component\Console\Command\Command->run(Object(Symfony\Component\Console\Input\ArgvInput), Object(Symfony\Component\Console\Output\ConsoleOutput))
#19 /Applications/XAMPP/xamppfiles/htdocs/laravel/vendor/symfony/console/Symfony/Component/Console/Application.php(889): Illuminate\Console\Command->run(Object(Symfony\Component\Console\Input\ArgvInput), Object(Symfony\Component\Console\Output\ConsoleOutput))
#20 /Applications/XAMPP/xamppfiles/htdocs/laravel/vendor/symfony/console/Symfony/Component/Console/Application.php(193): Symfony\Component\Console\Application->doRunCommand(Object(Illuminate\Database\Console\SeedCommand), Object(Symfony\Component\Console\Input\ArgvInput), Object(Symfony\Component\Console\Output\ConsoleOutput))
#21 /Applications/XAMPP/xamppfiles/htdocs/laravel/vendor/symfony/console/Symfony/Component/Console/Application.php(124): Symfony\Component\Console\Application->doRun(Object(Symfony\Component\Console\Input\ArgvInput), Object(Symfony\Component\Console\Output\ConsoleOutput))
#22 /Applications/XAMPP/xamppfiles/htdocs/laravel/artisan(59): Symfony\Component\Console\Application->run()
#23 {main} [] []
